build/app/intermediates/manifest_merge_blame_file/release/manifest-merger-blame-release-report.txt
1<?xml version="1.0" encoding="utf-8"?>
2<manifest xmlns:android="http://schemas.android.com/apk/res/android"
3    package="zw.co.soloapp"
4    android:versionCode="1"
5    android:versionName="1.0.0" >
6
7    <uses-sdk
7-->src\main\AndroidManifest.xml:49:5-74
8        android:minSdkVersion="21"
8-->src\main\AndroidManifest.xml:49:15-41
9        android:targetSdkVersion="29" />
9-->src\main\AndroidManifest.xml:49:42-71
10
11    <uses-permission android:name="android.permission.ACCESS_NETWORK_STATE" />
11-->[:firebase_analytics] AndroidManifest.xml:7:5-79
11-->[:firebase_analytics] AndroidManifest.xml:7:22-76
12    <uses-permission android:name="android.permission.INTERNET" />
12-->[:firebase_analytics] AndroidManifest.xml:8:5-67
12-->[:firebase_analytics] AndroidManifest.xml:8:22-64
13    <uses-permission android:name="android.permission.WAKE_LOCK" />
13-->[:firebase_analytics] AndroidManifest.xml:9:5-68
13-->[:firebase_analytics] AndroidManifest.xml:9:22-65
14    <uses-permission android:name="android.permission.ACCESS_FINE_LOCATION" />
14-->[:geolocator] AndroidManifest.xml:7:5-79
14-->[:geolocator] AndroidManifest.xml:7:22-76
15    <uses-permission android:name="android.permission.READ_EXTERNAL_STORAGE" />
15-->[:image_picker] AndroidManifest.xml:7:5-80
15-->[:image_picker] AndroidManifest.xml:7:22-77
16    <uses-permission android:name="android.permission.WRITE_EXTERNAL_STORAGE" />
16-->[:image_picker] AndroidManifest.xml:8:5-81
16-->[:image_picker] AndroidManifest.xml:8:22-78
17    <uses-permission android:name="android.permission.ACCESS_WIFI_STATE" />
17-->[:connectivity] AndroidManifest.xml:8:5-76
17-->[:connectivity] AndroidManifest.xml:8:22-73
18    <uses-permission android:name="com.google.android.finsky.permission.BIND_GET_INSTALL_REFERRER_SERVICE" />
18-->[com.google.android.gms:play-services-measurement:18.0.0] AndroidManifest.xml:26:5-110
18-->[com.google.android.gms:play-services-measurement:18.0.0] AndroidManifest.xml:26:22-107
19    <uses-permission android:name="android.permission.ACCESS_BACKGROUND_LOCATION" />
19-->[com.transistorsoft:tslocationmanager:3.1.19] AndroidManifest.xml:5:5-84
19-->[com.transistorsoft:tslocationmanager:3.1.19] AndroidManifest.xml:5:22-82
20    <uses-permission android:name="android.permission.ACCESS_COARSE_LOCATION" />
20-->[com.transistorsoft:tslocationmanager:3.1.19] AndroidManifest.xml:6:5-80
20-->[com.transistorsoft:tslocationmanager:3.1.19] AndroidManifest.xml:6:22-78
21    <uses-permission android:name="android.permission.ACTIVITY_RECOGNITION" />
21-->[com.transistorsoft:tslocationmanager:3.1.19] AndroidManifest.xml:7:5-78
21-->[com.transistorsoft:tslocationmanager:3.1.19] AndroidManifest.xml:7:22-76
22    <uses-permission android:name="android.permission.ACCESS_LOCATION_EXTRA_COMMANDS" />
22-->[com.transistorsoft:tslocationmanager:3.1.19] AndroidManifest.xml:9:5-88
22-->[com.transistorsoft:tslocationmanager:3.1.19] AndroidManifest.xml:9:22-86
23    <uses-permission android:name="android.permission.FOREGROUND_SERVICE" />
23-->[com.transistorsoft:tslocationmanager:3.1.19] AndroidManifest.xml:11:5-76
23-->[com.transistorsoft:tslocationmanager:3.1.19] AndroidManifest.xml:11:22-74
24    <uses-permission android:name="com.google.android.gms.permission.ACTIVITY_RECOGNITION" />
24-->[com.transistorsoft:tslocationmanager:3.1.19] AndroidManifest.xml:12:5-93
24-->[com.transistorsoft:tslocationmanager:3.1.19] AndroidManifest.xml:12:22-91
25    <uses-permission android:name="android.permission.RECEIVE_BOOT_COMPLETED" />
25-->[com.transistorsoft:tslocationmanager:3.1.19] AndroidManifest.xml:13:5-80
25-->[com.transistorsoft:tslocationmanager:3.1.19] AndroidManifest.xml:13:22-78
26    <uses-permission android:name="android.permission.GET_TASKS" /> <!-- device-specific permissions for DeviceSettings methods -->
26-->[com.transistorsoft:tslocationmanager:3.1.19] AndroidManifest.xml:14:5-67
26-->[com.transistorsoft:tslocationmanager:3.1.19] AndroidManifest.xml:14:22-65
27    <uses-permission android:name="oppo.permission.OPPO_COMPONENT_SAFE" />
27-->[com.transistorsoft:tslocationmanager:3.1.19] AndroidManifest.xml:16:5-74
27-->[com.transistorsoft:tslocationmanager:3.1.19] AndroidManifest.xml:16:22-72
28    <uses-permission android:name="com.huawei.permission.external_app_settings.USE_COMPONENT" />
28-->[com.transistorsoft:tslocationmanager:3.1.19] AndroidManifest.xml:17:5-96
28-->[com.transistorsoft:tslocationmanager:3.1.19] AndroidManifest.xml:17:22-94
29
30    <uses-feature
30-->[com.transistorsoft:tslocationmanager:3.1.19] AndroidManifest.xml:18:5-90
31        android:name="android.hardware.location.gps"
31-->[com.transistorsoft:tslocationmanager:3.1.19] AndroidManifest.xml:18:19-63
32        android:required="false" />
32-->[com.transistorsoft:tslocationmanager:3.1.19] AndroidManifest.xml:18:64-88
33    <!--
34 io.flutter.app.FlutterApplication is an android.app.Application that
35         calls FlutterMain.startInitialization(this); in its onCreate method.
36         In most cases you can leave this as-is, but you if you want to provide
37         additional functionality it is fine to subclass or reimplement
38         FlutterApplication and put your custom class here.
39    -->
40    <application
40-->src\main\AndroidManifest.xml:9:5-48:19
41        android:name="io.flutter.app.FlutterApplication"
41-->src\main\AndroidManifest.xml:11:9-57
42        android:appComponentFactory="androidx.core.app.CoreComponentFactory"
42-->[androidx.core:core:1.3.0] AndroidManifest.xml:24:18-86
43        android:icon="@mipmap/ic_launcher"
43-->src\main\AndroidManifest.xml:13:9-43
44        android:label="solo_app" >
44-->src\main\AndroidManifest.xml:12:9-33
45        <activity
45-->src\main\AndroidManifest.xml:14:9-42:20
46            android:name="com.example.solo_app.MainActivity"
46-->src\main\AndroidManifest.xml:15:13-41
47            android:configChanges="orientation|keyboardHidden|keyboard|screenSize|smallestScreenSize|locale|layoutDirection|fontScale|screenLayout|density|uiMode"
47-->src\main\AndroidManifest.xml:18:13-163
48            android:hardwareAccelerated="true"
48-->src\main\AndroidManifest.xml:19:13-47
49            android:launchMode="singleTop"
49-->src\main\AndroidManifest.xml:16:13-43
50            android:theme="@style/LaunchTheme"
50-->src\main\AndroidManifest.xml:17:13-47
51            android:windowSoftInputMode="adjustResize" >
51-->src\main\AndroidManifest.xml:20:13-55
52
53            <!--
54                 Specifies an Android theme to apply to this Activity as soon as
55                 the Android process has started. This theme is visible to the user
56                 while the Flutter UI initializes. After that, this theme continues
57                 to determine the Window background behind the Flutter UI.
58            -->
59            <meta-data
59-->src\main\AndroidManifest.xml:25:13-28:17
60                android:name="io.flutter.embedding.android.NormalTheme"
60-->src\main\AndroidManifest.xml:26:15-70
61                android:resource="@style/NormalTheme" />
61-->src\main\AndroidManifest.xml:27:15-52
62            <!--
63                 Displays an Android View that continues showing the launch screen
64                 Drawable until Flutter paints its first frame, then this splash
65                 screen fades out. A splash screen is useful to avoid any visual
66                 gap between the end of Android's launch screen and the painting of
67                 Flutter's first frame.
68            -->
69            <meta-data
69-->src\main\AndroidManifest.xml:34:13-37:17
70                android:name="io.flutter.embedding.android.SplashScreenDrawable"
70-->src\main\AndroidManifest.xml:35:15-79
71                android:resource="@drawable/launch_background" />
71-->src\main\AndroidManifest.xml:36:15-61
72
73            <intent-filter>
73-->src\main\AndroidManifest.xml:38:13-41:29
74                <action android:name="android.intent.action.MAIN" />
74-->src\main\AndroidManifest.xml:39:17-68
74-->src\main\AndroidManifest.xml:39:25-66
75
76                <category android:name="android.intent.category.LAUNCHER" />
76-->src\main\AndroidManifest.xml:40:17-76
76-->src\main\AndroidManifest.xml:40:27-74
77            </intent-filter>
78        </activity>
79        <!--
80             Don't delete the meta-data below.
81             This is used by the Flutter tool to generate GeneratedPluginRegistrant.java
82        -->
83        <meta-data
83-->src\main\AndroidManifest.xml:45:9-47:33
84            android:name="flutterEmbedding"
84-->src\main\AndroidManifest.xml:46:13-44
85            android:value="2" />
85-->src\main\AndroidManifest.xml:47:13-30
86
87        <service
87-->[:firebase_analytics] AndroidManifest.xml:12:9-16:19
88            android:name="com.google.firebase.components.ComponentDiscoveryService"
88-->[:firebase_analytics] AndroidManifest.xml:12:18-89
89            android:directBootAware="true"
89-->[com.google.firebase:firebase-common:19.4.0] AndroidManifest.xml:35:13-43
90            android:exported="false" >
90-->[com.google.firebase:firebase-auth:20.0.1] AndroidManifest.xml:76:13-37
91            <meta-data
91-->[:firebase_analytics] AndroidManifest.xml:13:13-15:85
92                android:name="com.google.firebase.components:io.flutter.plugins.firebaseanalytics.FlutterFirebaseAppRegistrar"
92-->[:firebase_analytics] AndroidManifest.xml:14:17-127
93                android:value="com.google.firebase.components.ComponentRegistrar" />
93-->[:firebase_analytics] AndroidManifest.xml:15:17-82
94            <meta-data
94-->[:cloud_firestore] AndroidManifest.xml:9:13-11:85
95                android:name="com.google.firebase.components:io.flutter.plugins.firebase.cloudfirestore.FlutterFirebaseAppRegistrar"
95-->[:cloud_firestore] AndroidManifest.xml:10:17-133
96                android:value="com.google.firebase.components.ComponentRegistrar" />
96-->[:cloud_firestore] AndroidManifest.xml:11:17-82
97            <meta-data
97-->[:firebase_auth] AndroidManifest.xml:9:13-11:85
98                android:name="com.google.firebase.components:io.flutter.plugins.firebaseauth.FlutterFirebaseAppRegistrar"
98-->[:firebase_auth] AndroidManifest.xml:10:17-122
99                android:value="com.google.firebase.components.ComponentRegistrar" />
99-->[:firebase_auth] AndroidManifest.xml:11:17-82
100            <meta-data
100-->[:firebase_database] AndroidManifest.xml:9:13-11:85
101                android:name="com.google.firebase.components:io.flutter.plugins.firebase.database.FlutterFirebaseAppRegistrar"
101-->[:firebase_database] AndroidManifest.xml:10:17-127
102                android:value="com.google.firebase.components.ComponentRegistrar" />
102-->[:firebase_database] AndroidManifest.xml:11:17-82
103            <meta-data
103-->[:firebase_storage] AndroidManifest.xml:9:13-11:85
104                android:name="com.google.firebase.components:io.flutter.plugins.firebase.storage.FlutterFirebaseAppRegistrar"
104-->[:firebase_storage] AndroidManifest.xml:10:17-126
105                android:value="com.google.firebase.components.ComponentRegistrar" />
105-->[:firebase_storage] AndroidManifest.xml:11:17-82
106            <meta-data
106-->[:firebase_core] AndroidManifest.xml:9:13-11:85
107                android:name="com.google.firebase.components:io.flutter.plugins.firebase.core.FlutterFirebaseAppRegistrar"
107-->[:firebase_core] AndroidManifest.xml:10:17-123
108                android:value="com.google.firebase.components.ComponentRegistrar" />
108-->[:firebase_core] AndroidManifest.xml:11:17-82
109            <meta-data
109-->[com.google.firebase:firebase-auth:20.0.1] AndroidManifest.xml:77:13-79:85
110                android:name="com.google.firebase.components:com.google.firebase.auth.FirebaseAuthRegistrar"
110-->[com.google.firebase:firebase-auth:20.0.1] AndroidManifest.xml:78:17-109
111                android:value="com.google.firebase.components.ComponentRegistrar" />
111-->[com.google.firebase:firebase-auth:20.0.1] AndroidManifest.xml:79:17-82
112            <meta-data
112-->[com.google.firebase:firebase-firestore:22.0.0] AndroidManifest.xml:20:13-22:85
113                android:name="com.google.firebase.components:com.google.firebase.firestore.FirestoreRegistrar"
113-->[com.google.firebase:firebase-firestore:22.0.0] AndroidManifest.xml:21:17-111
114                android:value="com.google.firebase.components.ComponentRegistrar" />
114-->[com.google.firebase:firebase-firestore:22.0.0] AndroidManifest.xml:22:17-82
115            <meta-data
115-->[com.google.firebase:firebase-storage:19.2.0] AndroidManifest.xml:33:13-35:85
116                android:name="com.google.firebase.components:com.google.firebase.storage.StorageRegistrar"
116-->[com.google.firebase:firebase-storage:19.2.0] AndroidManifest.xml:34:17-107
117                android:value="com.google.firebase.components.ComponentRegistrar" />
117-->[com.google.firebase:firebase-storage:19.2.0] AndroidManifest.xml:35:17-82
118            <meta-data
118-->[com.google.firebase:firebase-database:19.5.1] AndroidManifest.xml:32:13-34:85
119                android:name="com.google.firebase.components:com.google.firebase.database.DatabaseRegistrar"
119-->[com.google.firebase:firebase-database:19.5.1] AndroidManifest.xml:33:17-109
120                android:value="com.google.firebase.components.ComponentRegistrar" />
120-->[com.google.firebase:firebase-database:19.5.1] AndroidManifest.xml:34:17-82
121            <meta-data
121-->[com.google.android.gms:play-services-measurement-api:18.0.0] AndroidManifest.xml:30:13-32:85
122                android:name="com.google.firebase.components:com.google.firebase.analytics.connector.internal.AnalyticsConnectorRegistrar"
122-->[com.google.android.gms:play-services-measurement-api:18.0.0] AndroidManifest.xml:31:17-139
123                android:value="com.google.firebase.components.ComponentRegistrar" />
123-->[com.google.android.gms:play-services-measurement-api:18.0.0] AndroidManifest.xml:32:17-82
124            <meta-data
124-->[com.google.firebase:firebase-installations:16.3.4] AndroidManifest.xml:18:13-20:85
125                android:name="com.google.firebase.components:com.google.firebase.installations.FirebaseInstallationsRegistrar"
125-->[com.google.firebase:firebase-installations:16.3.4] AndroidManifest.xml:19:17-127
126                android:value="com.google.firebase.components.ComponentRegistrar" />
126-->[com.google.firebase:firebase-installations:16.3.4] AndroidManifest.xml:20:17-82
127        </service>
128
129        <provider
129-->[:image_picker] AndroidManifest.xml:11:9-19:20
130            android:name="io.flutter.plugins.imagepicker.ImagePickerFileProvider"
130-->[:image_picker] AndroidManifest.xml:12:13-82
131            android:authorities="zw.co.soloapp.flutter.image_provider"
131-->[:image_picker] AndroidManifest.xml:13:13-74
132            android:exported="false"
132-->[:image_picker] AndroidManifest.xml:14:13-37
133            android:grantUriPermissions="true" >
133-->[:image_picker] AndroidManifest.xml:15:13-47
134            <meta-data
134-->[:image_picker] AndroidManifest.xml:16:13-18:75
135                android:name="android.support.FILE_PROVIDER_PATHS"
135-->[:image_picker] AndroidManifest.xml:17:17-67
136                android:resource="@xml/flutter_image_picker_file_paths" />
136-->[:image_picker] AndroidManifest.xml:18:17-72
137        </provider>
138
139        <activity
139-->[com.google.firebase:firebase-auth:20.0.1] AndroidManifest.xml:27:9-44:20
140            android:name="com.google.firebase.auth.internal.GenericIdpActivity"
140-->[com.google.firebase:firebase-auth:20.0.1] AndroidManifest.xml:28:13-80
141            android:excludeFromRecents="true"
141-->[com.google.firebase:firebase-auth:20.0.1] AndroidManifest.xml:29:13-46
142            android:exported="true"
142-->[com.google.firebase:firebase-auth:20.0.1] AndroidManifest.xml:30:13-36
143            android:launchMode="singleTask"
143-->[com.google.firebase:firebase-auth:20.0.1] AndroidManifest.xml:31:13-44
144            android:theme="@android:style/Theme.Translucent.NoTitleBar" >
144-->[com.google.firebase:firebase-auth:20.0.1] AndroidManifest.xml:32:13-72
145            <intent-filter>
145-->[com.google.firebase:firebase-auth:20.0.1] AndroidManifest.xml:33:13-43:29
146                <action android:name="android.intent.action.VIEW" />
146-->[com.google.firebase:firebase-auth:20.0.1] AndroidManifest.xml:34:17-69
146-->[com.google.firebase:firebase-auth:20.0.1] AndroidManifest.xml:34:25-66
147
148                <category android:name="android.intent.category.DEFAULT" />
148-->[com.google.firebase:firebase-auth:20.0.1] AndroidManifest.xml:36:17-76
148-->[com.google.firebase:firebase-auth:20.0.1] AndroidManifest.xml:36:27-73
149                <category android:name="android.intent.category.BROWSABLE" />
149-->[com.google.firebase:firebase-auth:20.0.1] AndroidManifest.xml:37:17-78
149-->[com.google.firebase:firebase-auth:20.0.1] AndroidManifest.xml:37:27-75
150
151                <data
151-->[com.google.firebase:firebase-auth:20.0.1] AndroidManifest.xml:39:17-42:51
152                    android:host="firebase.auth"
152-->[com.google.firebase:firebase-auth:20.0.1] AndroidManifest.xml:40:21-49
153                    android:path="/"
153-->[com.google.firebase:firebase-auth:20.0.1] AndroidManifest.xml:41:21-37
154                    android:scheme="genericidp" />
154-->[com.google.firebase:firebase-auth:20.0.1] AndroidManifest.xml:42:21-48
155            </intent-filter>
156        </activity>
157        <activity
157-->[com.google.firebase:firebase-auth:20.0.1] AndroidManifest.xml:45:9-62:20
158            android:name="com.google.firebase.auth.internal.RecaptchaActivity"
158-->[com.google.firebase:firebase-auth:20.0.1] AndroidManifest.xml:46:13-79
159            android:excludeFromRecents="true"
159-->[com.google.firebase:firebase-auth:20.0.1] AndroidManifest.xml:47:13-46
160            android:exported="true"
160-->[com.google.firebase:firebase-auth:20.0.1] AndroidManifest.xml:48:13-36
161            android:launchMode="singleTask"
161-->[com.google.firebase:firebase-auth:20.0.1] AndroidManifest.xml:49:13-44
162            android:theme="@android:style/Theme.Translucent.NoTitleBar" >
162-->[com.google.firebase:firebase-auth:20.0.1] AndroidManifest.xml:50:13-72
163            <intent-filter>
163-->[com.google.firebase:firebase-auth:20.0.1] AndroidManifest.xml:51:13-61:29
164                <action android:name="android.intent.action.VIEW" />
164-->[com.google.firebase:firebase-auth:20.0.1] AndroidManifest.xml:34:17-69
164-->[com.google.firebase:firebase-auth:20.0.1] AndroidManifest.xml:34:25-66
165
166                <category android:name="android.intent.category.DEFAULT" />
166-->[com.google.firebase:firebase-auth:20.0.1] AndroidManifest.xml:36:17-76
166-->[com.google.firebase:firebase-auth:20.0.1] AndroidManifest.xml:36:27-73
167                <category android:name="android.intent.category.BROWSABLE" />
167-->[com.google.firebase:firebase-auth:20.0.1] AndroidManifest.xml:37:17-78
167-->[com.google.firebase:firebase-auth:20.0.1] AndroidManifest.xml:37:27-75
168
169                <data
169-->[com.google.firebase:firebase-auth:20.0.1] AndroidManifest.xml:39:17-42:51
170                    android:host="firebase.auth"
170-->[com.google.firebase:firebase-auth:20.0.1] AndroidManifest.xml:40:21-49
171                    android:path="/"
171-->[com.google.firebase:firebase-auth:20.0.1] AndroidManifest.xml:41:21-37
172                    android:scheme="recaptcha" />
172-->[com.google.firebase:firebase-auth:20.0.1] AndroidManifest.xml:42:21-48
173            </intent-filter>
174        </activity>
175
176        <service
176-->[com.google.firebase:firebase-auth:20.0.1] AndroidManifest.xml:64:9-73:19
177            android:name="com.google.firebase.auth.api.fallback.service.FirebaseAuthFallbackService"
177-->[com.google.firebase:firebase-auth:20.0.1] AndroidManifest.xml:65:13-101
178            android:enabled="true"
178-->[com.google.firebase:firebase-auth:20.0.1] AndroidManifest.xml:66:13-35
179            android:exported="false" >
179-->[com.google.firebase:firebase-auth:20.0.1] AndroidManifest.xml:67:13-37
180            <intent-filter>
180-->[com.google.firebase:firebase-auth:20.0.1] AndroidManifest.xml:68:13-72:29
181                <action android:name="com.google.firebase.auth.api.gms.service.START" />
181-->[com.google.firebase:firebase-auth:20.0.1] AndroidManifest.xml:69:17-89
181-->[com.google.firebase:firebase-auth:20.0.1] AndroidManifest.xml:69:25-86
182
183                <category android:name="android.intent.category.DEFAULT" />
183-->[com.google.firebase:firebase-auth:20.0.1] AndroidManifest.xml:36:17-76
183-->[com.google.firebase:firebase-auth:20.0.1] AndroidManifest.xml:36:27-73
184            </intent-filter>
185        </service>
186
187        <provider
187-->[com.google.firebase:firebase-common:19.4.0] AndroidManifest.xml:26:9-31:39
188            android:name="com.google.firebase.provider.FirebaseInitProvider"
188-->[com.google.firebase:firebase-common:19.4.0] AndroidManifest.xml:27:13-77
189            android:authorities="zw.co.soloapp.firebaseinitprovider"
189-->[com.google.firebase:firebase-common:19.4.0] AndroidManifest.xml:28:13-72
190            android:directBootAware="true"
190-->[com.google.firebase:firebase-common:19.4.0] AndroidManifest.xml:29:13-43
191            android:exported="false"
191-->[com.google.firebase:firebase-common:19.4.0] AndroidManifest.xml:30:13-37
192            android:initOrder="100" />
192-->[com.google.firebase:firebase-common:19.4.0] AndroidManifest.xml:31:13-36
193
194        <activity
194-->[com.google.android.gms:play-services-base:17.2.1] AndroidManifest.xml:23:9-26:75
195            android:name="com.google.android.gms.common.api.GoogleApiActivity"
195-->[com.google.android.gms:play-services-base:17.2.1] AndroidManifest.xml:24:13-79
196            android:exported="false"
196-->[com.google.android.gms:play-services-base:17.2.1] AndroidManifest.xml:25:13-37
197            android:theme="@android:style/Theme.Translucent.NoTitleBar" />
197-->[com.google.android.gms:play-services-base:17.2.1] AndroidManifest.xml:26:13-72
198
199        <receiver
199-->[com.google.android.gms:play-services-measurement:18.0.0] AndroidManifest.xml:29:9-33:20
200            android:name="com.google.android.gms.measurement.AppMeasurementReceiver"
200-->[com.google.android.gms:play-services-measurement:18.0.0] AndroidManifest.xml:30:13-85
201            android:enabled="true"
201-->[com.google.android.gms:play-services-measurement:18.0.0] AndroidManifest.xml:31:13-35
202            android:exported="false" >
202-->[com.google.android.gms:play-services-measurement:18.0.0] AndroidManifest.xml:32:13-37
203        </receiver>
204
205        <service
205-->[com.google.android.gms:play-services-measurement:18.0.0] AndroidManifest.xml:35:9-38:40
206            android:name="com.google.android.gms.measurement.AppMeasurementService"
206-->[com.google.android.gms:play-services-measurement:18.0.0] AndroidManifest.xml:36:13-84
207            android:enabled="true"
207-->[com.google.android.gms:play-services-measurement:18.0.0] AndroidManifest.xml:37:13-35
208            android:exported="false" />
208-->[com.google.android.gms:play-services-measurement:18.0.0] AndroidManifest.xml:38:13-37
209        <service
209-->[com.google.android.gms:play-services-measurement:18.0.0] AndroidManifest.xml:39:9-43:72
210            android:name="com.google.android.gms.measurement.AppMeasurementJobService"
210-->[com.google.android.gms:play-services-measurement:18.0.0] AndroidManifest.xml:40:13-87
211            android:enabled="true"
211-->[com.google.android.gms:play-services-measurement:18.0.0] AndroidManifest.xml:41:13-35
212            android:exported="false"
212-->[com.google.android.gms:play-services-measurement:18.0.0] AndroidManifest.xml:42:13-37
213            android:permission="android.permission.BIND_JOB_SERVICE" />
213-->[com.google.android.gms:play-services-measurement:18.0.0] AndroidManifest.xml:43:13-69
214
215        <meta-data
215-->[com.google.android.gms:play-services-basement:17.2.1] AndroidManifest.xml:23:9-25:69
216            android:name="com.google.android.gms.version"
216-->[com.google.android.gms:play-services-basement:17.2.1] AndroidManifest.xml:24:13-58
217            android:value="@integer/google_play_services_version" />
217-->[com.google.android.gms:play-services-basement:17.2.1] AndroidManifest.xml:25:13-66
218
219        <activity
219-->[com.transistorsoft:tslocationmanager:3.1.19] AndroidManifest.xml:20:9-224
220            android:name="com.transistorsoft.locationmanager.activity.TSLocationManagerActivity"
220-->[com.transistorsoft:tslocationmanager:3.1.19] AndroidManifest.xml:20:19-103
221            android:excludeFromRecents="true"
221-->[com.transistorsoft:tslocationmanager:3.1.19] AndroidManifest.xml:20:104-137
222            android:launchMode="singleInstance"
222-->[com.transistorsoft:tslocationmanager:3.1.19] AndroidManifest.xml:20:138-173
223            android:theme="@style/TSLocationManagerActivity" />
223-->[com.transistorsoft:tslocationmanager:3.1.19] AndroidManifest.xml:20:174-222
224
225        <service android:name="com.transistorsoft.locationmanager.service.TrackingService" />
225-->[com.transistorsoft:tslocationmanager:3.1.19] AndroidManifest.xml:21:9-93
225-->[com.transistorsoft:tslocationmanager:3.1.19] AndroidManifest.xml:21:18-91
226        <service android:name="com.transistorsoft.locationmanager.service.LocationRequestService" />
226-->[com.transistorsoft:tslocationmanager:3.1.19] AndroidManifest.xml:22:9-100
226-->[com.transistorsoft:tslocationmanager:3.1.19] AndroidManifest.xml:22:18-98
227        <service android:name="com.transistorsoft.locationmanager.service.HeartbeatService" />
227-->[com.transistorsoft:tslocationmanager:3.1.19] AndroidManifest.xml:23:9-94
227-->[com.transistorsoft:tslocationmanager:3.1.19] AndroidManifest.xml:23:18-92
228        <service android:name="com.transistorsoft.locationmanager.service.ActivityRecognitionService" />
228-->[com.transistorsoft:tslocationmanager:3.1.19] AndroidManifest.xml:24:9-104
228-->[com.transistorsoft:tslocationmanager:3.1.19] AndroidManifest.xml:24:18-102
229        <service android:name="com.transistorsoft.locationmanager.service.GeofencingService" />
229-->[com.transistorsoft:tslocationmanager:3.1.19] AndroidManifest.xml:25:9-95
229-->[com.transistorsoft:tslocationmanager:3.1.19] AndroidManifest.xml:25:18-93
230        <service android:name="com.transistorsoft.locationmanager.service.BackgroundTaskService" />
230-->[com.transistorsoft:tslocationmanager:3.1.19] AndroidManifest.xml:26:9-99
230-->[com.transistorsoft:tslocationmanager:3.1.19] AndroidManifest.xml:26:18-97
231
232        <receiver
232-->[com.transistorsoft:tslocationmanager:3.1.19] AndroidManifest.xml:27:9-127
233            android:name="com.transistorsoft.locationmanager.scheduler.ScheduleAlarmReceiver"
233-->[com.transistorsoft:tslocationmanager:3.1.19] AndroidManifest.xml:27:19-100
234            android:exported="false" />
234-->[com.transistorsoft:tslocationmanager:3.1.19] AndroidManifest.xml:27:101-125
235
236        <service android:name="com.transistorsoft.locationmanager.scheduler.ScheduleService" />
236-->[com.transistorsoft:tslocationmanager:3.1.19] AndroidManifest.xml:28:9-95
236-->[com.transistorsoft:tslocationmanager:3.1.19] AndroidManifest.xml:28:18-93
237        <service
237-->[com.transistorsoft:tslocationmanager:3.1.19] AndroidManifest.xml:29:9-155
238            android:name="com.transistorsoft.locationmanager.scheduler.ScheduleJobService"
238-->[com.transistorsoft:tslocationmanager:3.1.19] AndroidManifest.xml:29:18-96
239            android:permission="android.permission.BIND_JOB_SERVICE" />
239-->[com.transistorsoft:tslocationmanager:3.1.19] AndroidManifest.xml:29:97-153
240
241        <receiver
241-->[com.transistorsoft:tslocationmanager:3.1.19] AndroidManifest.xml:30:9-35:20
242            android:name="com.transistorsoft.locationmanager.BootReceiver"
242-->[com.transistorsoft:tslocationmanager:3.1.19] AndroidManifest.xml:30:19-81
243            android:exported="false" >
243-->[com.transistorsoft:tslocationmanager:3.1.19] AndroidManifest.xml:30:82-106
244            <intent-filter>
244-->[com.transistorsoft:tslocationmanager:3.1.19] AndroidManifest.xml:31:13-34:29
245                <action android:name="android.intent.action.BOOT_COMPLETED" />
245-->[com.transistorsoft:tslocationmanager:3.1.19] AndroidManifest.xml:32:17-78
245-->[com.transistorsoft:tslocationmanager:3.1.19] AndroidManifest.xml:32:25-76
246                <action android:name="android.intent.action.MY_PACKAGE_REPLACED" />
246-->[com.transistorsoft:tslocationmanager:3.1.19] AndroidManifest.xml:33:17-83
246-->[com.transistorsoft:tslocationmanager:3.1.19] AndroidManifest.xml:33:25-81
247            </intent-filter>
248        </receiver>
249
250        <provider
250-->[com.transistorsoft:tslocationmanager:3.1.19] AndroidManifest.xml:36:9-38:20
251            android:name="com.transistorsoft.locationmanager.util.LogFileProvider"
251-->[com.transistorsoft:tslocationmanager:3.1.19] AndroidManifest.xml:36:19-89
252            android:authorities="zw.co.soloapp.tslocationmanager.fileprovider"
252-->[com.transistorsoft:tslocationmanager:3.1.19] AndroidManifest.xml:36:90-159
253            android:exported="false"
253-->[com.transistorsoft:tslocationmanager:3.1.19] AndroidManifest.xml:36:160-184
254            android:grantUriPermissions="true" >
254-->[com.transistorsoft:tslocationmanager:3.1.19] AndroidManifest.xml:36:185-219
255            <meta-data
255-->[:image_picker] AndroidManifest.xml:16:13-18:75
256                android:name="android.support.FILE_PROVIDER_PATHS"
256-->[:image_picker] AndroidManifest.xml:17:17-67